# JRE version: OpenJDK Runtime Environment Temurin-21.0.4+7 (21.0.4+7) (build 21.0.4+7-LTS)
# Java VM: OpenJDK 64-Bit Server VM Temurin-21.0.4+7 (21.0.4+7-LTS, mixed mode, sharing, tiered, compressed oops, compressed class ptrs, g1 gc, windows-amd64)
GC Precious Log:
 CardTable entry size: 512
 Card Set container configuration: InlinePtr #cards 4 size 8 Array Of Cards #cards 16 size 48 Howl #buckets 8 coarsen threshold 3686 Howl Bitmap #cards 512 size 80 coarsen threshold 460 Card regions per heap region 1 cards per card region 4096
 CPUs: 8 total, 8 available
 Memory: 16258M
 Large Page Support: Disabled
 NUMA Support: Disabled
 Compressed Oops: Enabled (Zero based)
 Heap Region Size: 2M
 Heap Min Capacity: 8M
 Heap Initial Capacity: 256M
 Heap Max Capacity: 4066M
 Pre-touch: Disabled
 Parallel Workers: 8
 Concurrent Workers: 2
 Concurrent Refinement Workers: 8
 Periodic GC: Disabled
Heap:
 garbage-first heap   total 190464K, used 135263K [0x0000000701e00000, 0x0000000800000000)
  region size 2048K, 38 young (77824K), 3 survivors (6144K)
 Metaspace       used 37319K, committed 37760K, reserved 1114112K
  class space    used 3965K, committed 4160K, reserved 1048576K
GC Heap History (20 events):
Event: 6.807 GC heap before
{Heap before GC invocations=8 (full 0):
 garbage-first heap   total 100352K, used 82695K [0x0000000701e00000, 0x0000000800000000)
  region size 2048K, 19 young (38912K), 3 survivors (6144K)
 Metaspace       used 30173K, committed 30528K, reserved 1114112K
  class space    used 3302K, committed 3456K, reserved 1048576K
}
Event: 6.825 GC heap after
{Heap after GC invocations=9 (full 0):
 garbage-first heap   total 100352K, used 54358K [0x0000000701e00000, 0x0000000800000000)
  region size 2048K, 3 young (6144K), 3 survivors (6144K)
 Metaspace       used 30173K, committed 30528K, reserved 1114112K
  class space    used 3302K, committed 3456K, reserved 1048576K
}
Event: 7.340 GC heap before
{Heap before GC invocations=9 (full 0):
 garbage-first heap   total 100352K, used 83030K [0x0000000701e00000, 0x0000000800000000)
  region size 2048K, 17 young (34816K), 3 survivors (6144K)
 Metaspace       used 30805K, committed 31104K, reserved 1114112K
  class space    used 3323K, committed 3456K, reserved 1048576K
}
Event: 7.351 GC heap after
{Heap after GC invocations=10 (full 0):
 garbage-first heap   total 139264K, used 55531K [0x0000000701e00000, 0x0000000800000000)
  region size 2048K, 1 young (2048K), 1 survivors (2048K)
 Metaspace       used 30805K, committed 31104K, reserved 1114112K
  class space    used 3323K, committed 3456K, reserved 1048576K
}
Event: 8.249 GC heap before
{Heap before GC invocations=11 (full 0):
 garbage-first heap   total 139264K, used 112875K [0x0000000701e00000, 0x0000000800000000)
  region size 2048K, 29 young (59392K), 1 survivors (2048K)
 Metaspace       used 31415K, committed 31744K, reserved 1114112K
  class space    used 3334K, committed 3456K, reserved 1048576K
}
Event: 8.256 GC heap after
{Heap after GC invocations=12 (full 0):
 garbage-first heap   total 139264K, used 57785K [0x0000000701e00000, 0x0000000800000000)
  region size 2048K, 2 young (4096K), 2 survivors (4096K)
 Metaspace       used 31415K, committed 31744K, reserved 1114112K
  class space    used 3334K, committed 3456K, reserved 1048576K
}
Event: 8.940 GC heap before
{Heap before GC invocations=12 (full 0):
 garbage-first heap   total 139264K, used 121273K [0x0000000701e00000, 0x0000000800000000)
  region size 2048K, 31 young (63488K), 2 survivors (4096K)
 Metaspace       used 31618K, committed 31936K, reserved 1114112K
  class space    used 3337K, committed 3456K, reserved 1048576K
}
Event: 8.954 GC heap after
{Heap after GC invocations=13 (full 0):
 garbage-first heap   total 139264K, used 61584K [0x0000000701e00000, 0x0000000800000000)
  region size 2048K, 4 young (8192K), 4 survivors (8192K)
 Metaspace       used 31618K, committed 31936K, reserved 1114112K
  class space    used 3337K, committed 3456K, reserved 1048576K
}
Event: 9.747 GC heap before
{Heap before GC invocations=13 (full 0):
 garbage-first heap   total 139264K, used 118928K [0x0000000701e00000, 0x0000000800000000)
  region size 2048K, 32 young (65536K), 4 survivors (8192K)
 Metaspace       used 34179K, committed 34560K, reserved 1114112K
  class space    used 3660K, committed 3840K, reserved 1048576K
}
Event: 9.756 GC heap after
{Heap after GC invocations=14 (full 0):
 garbage-first heap   total 139264K, used 64799K [0x0000000701e00000, 0x0000000800000000)
  region size 2048K, 3 young (6144K), 3 survivors (6144K)
 Metaspace       used 34179K, committed 34560K, reserved 1114112K
  class space    used 3660K, committed 3840K, reserved 1048576K
}
Event: 10.081 GC heap before
{Heap before GC invocations=14 (full 0):
 garbage-first heap   total 139264K, used 75039K [0x0000000701e00000, 0x0000000800000000)
  region size 2048K, 7 young (14336K), 3 survivors (6144K)
 Metaspace       used 34365K, committed 34752K, reserved 1114112K
  class space    used 3681K, committed 3840K, reserved 1048576K
}
Event: 10.088 GC heap after
{Heap after GC invocations=15 (full 0):
 garbage-first heap   total 139264K, used 69767K [0x0000000701e00000, 0x0000000800000000)
  region size 2048K, 2 young (4096K), 2 survivors (4096K)
 Metaspace       used 34365K, committed 34752K, reserved 1114112K
  class space    used 3681K, committed 3840K, reserved 1048576K
}
Event: 13.424 GC heap before
{Heap before GC invocations=16 (full 0):
 garbage-first heap   total 151552K, used 149639K [0x0000000701e00000, 0x0000000800000000)
  region size 2048K, 21 young (43008K), 2 survivors (4096K)
 Metaspace       used 35746K, committed 36224K, reserved 1114112K
  class space    used 3809K, committed 4032K, reserved 1048576K
}
Event: 13.429 GC heap after
{Heap after GC invocations=17 (full 0):
 garbage-first heap   total 157696K, used 66234K [0x0000000701e00000, 0x0000000800000000)
  region size 2048K, 3 young (6144K), 3 survivors (6144K)
 Metaspace       used 35746K, committed 36224K, reserved 1114112K
  class space    used 3809K, committed 4032K, reserved 1048576K
}
Event: 13.911 GC heap before
{Heap before GC invocations=17 (full 0):
 garbage-first heap   total 157696K, used 135866K [0x0000000701e00000, 0x0000000800000000)
  region size 2048K, 38 young (77824K), 3 survivors (6144K)
 Metaspace       used 37109K, committed 37568K, reserved 1114112K
  class space    used 3939K, committed 4160K, reserved 1048576K
}
Event: 13.923 GC heap after
{Heap after GC invocations=18 (full 0):
 garbage-first heap   total 157696K, used 64275K [0x0000000701e00000, 0x0000000800000000)
  region size 2048K, 5 young (10240K), 5 survivors (10240K)
 Metaspace       used 37109K, committed 37568K, reserved 1114112K
  class space    used 3939K, committed 4160K, reserved 1048576K
}
Event: 14.685 GC heap before
{Heap before GC invocations=18 (full 0):
 garbage-first heap   total 157696K, used 133907K [0x0000000701e00000, 0x0000000800000000)
  region size 2048K, 39 young (79872K), 5 survivors (10240K)
 Metaspace       used 37109K, committed 37568K, reserved 1114112K
  class space    used 3939K, committed 4160K, reserved 1048576K
}
Event: 14.694 GC heap after
{Heap after GC invocations=19 (full 0):
 garbage-first heap   total 157696K, used 65869K [0x0000000701e00000, 0x0000000800000000)
  region size 2048K, 4 young (8192K), 4 survivors (8192K)
 Metaspace       used 37109K, committed 37568K, reserved 1114112K
  class space    used 3939K, committed 4160K, reserved 1048576K
}
Event: 15.245 GC heap before
{Heap before GC invocations=19 (full 0):
 garbage-first heap   total 157696K, used 137549K [0x0000000701e00000, 0x0000000800000000)
  region size 2048K, 39 young (79872K), 4 survivors (8192K)
 Metaspace       used 37115K, committed 37632K, reserved 1114112K
  class space    used 3940K, committed 4160K, reserved 1048576K
}
Event: 15.248 GC heap after
{Heap after GC invocations=20 (full 0):
 garbage-first heap   total 190464K, used 65631K [0x0000000701e00000, 0x0000000800000000)
  region size 2048K, 3 young (6144K), 3 survivors (6144K)
 Metaspace       used 37115K, committed 37632K, reserved 1114112K
  class space    used 3940K, committed 4160K, reserved 1048576K
}

