# JRE version: OpenJDK Runtime Environment Temurin-21.0.4+7 (21.0.4+7) (build 21.0.4+7-LTS)
# Java VM: OpenJDK 64-Bit Server VM Temurin-21.0.4+7 (21.0.4+7-LTS, mixed mode, sharing, tiered, compressed oops, compressed class ptrs, g1 gc, windows-amd64)
GC Precious Log:
 CardTable entry size: 512
 Card Set container configuration: InlinePtr #cards 4 size 8 Array Of Cards #cards 16 size 48 Howl #buckets 8 coarsen threshold 3686 Howl Bitmap #cards 512 size 80 coarsen threshold 460 Card regions per heap region 1 cards per card region 4096
 CPUs: 8 total, 8 available
 Memory: 16258M
 Large Page Support: Disabled
 NUMA Support: Disabled
 Compressed Oops: Enabled (Zero based)
 Heap Region Size: 2M
 Heap Min Capacity: 8M
 Heap Initial Capacity: 256M
 Heap Max Capacity: 4066M
 Pre-touch: Disabled
 Parallel Workers: 8
 Concurrent Workers: 2
 Concurrent Refinement Workers: 8
 Periodic GC: Disabled
Heap:
 garbage-first heap   total 131072K, used 110653K [0x0000000701e00000, 0x0000000800000000)
  region size 2048K, 29 young (59392K), 4 survivors (8192K)
 Metaspace       used 32978K, committed 33344K, reserved 1114112K
  class space    used 3475K, committed 3648K, reserved 1048576K
GC Heap History (20 events):
Event: 1.354 GC heap before
{Heap before GC invocations=1 (full 0):
 garbage-first heap   total 262144K, used 34816K [0x0000000701e00000, 0x0000000800000000)
  region size 2048K, 17 young (34816K), 2 survivors (4096K)
 Metaspace       used 10095K, committed 10304K, reserved 1114112K
  class space    used 1174K, committed 1280K, reserved 1048576K
}
Event: 1.358 GC heap after
{Heap after GC invocations=2 (full 0):
 garbage-first heap   total 262144K, used 6170K [0x0000000701e00000, 0x0000000800000000)
  region size 2048K, 2 young (4096K), 2 survivors (4096K)
 Metaspace       used 10095K, committed 10304K, reserved 1114112K
  class space    used 1174K, committed 1280K, reserved 1048576K
}
Event: 3.778 GC heap before
{Heap before GC invocations=2 (full 0):
 garbage-first heap   total 262144K, used 157722K [0x0000000701e00000, 0x0000000800000000)
  region size 2048K, 76 young (155648K), 2 survivors (4096K)
 Metaspace       used 17511K, committed 17728K, reserved 1114112K
  class space    used 1922K, committed 2048K, reserved 1048576K
}
Event: 3.787 GC heap after
{Heap after GC invocations=3 (full 0):
 garbage-first heap   total 262144K, used 15182K [0x0000000701e00000, 0x0000000800000000)
  region size 2048K, 6 young (12288K), 6 survivors (12288K)
 Metaspace       used 17511K, committed 17728K, reserved 1114112K
  class space    used 1922K, committed 2048K, reserved 1048576K
}
Event: 4.983 GC heap before
{Heap before GC invocations=3 (full 0):
 garbage-first heap   total 262144K, used 66382K [0x0000000701e00000, 0x0000000800000000)
  region size 2048K, 32 young (65536K), 6 survivors (12288K)
 Metaspace       used 21214K, committed 21504K, reserved 1114112K
  class space    used 2364K, committed 2496K, reserved 1048576K
}
Event: 4.992 GC heap after
{Heap after GC invocations=4 (full 0):
 garbage-first heap   total 262144K, used 19600K [0x0000000701e00000, 0x0000000800000000)
  region size 2048K, 7 young (14336K), 7 survivors (14336K)
 Metaspace       used 21214K, committed 21504K, reserved 1114112K
  class space    used 2364K, committed 2496K, reserved 1048576K
}
Event: 5.805 GC heap before
{Heap before GC invocations=5 (full 0):
 garbage-first heap   total 69632K, used 66704K [0x0000000701e00000, 0x0000000800000000)
  region size 2048K, 31 young (63488K), 7 survivors (14336K)
 Metaspace       used 27066K, committed 27456K, reserved 1114112K
  class space    used 2981K, committed 3136K, reserved 1048576K
}
Event: 5.824 GC heap after
{Heap after GC invocations=6 (full 0):
 garbage-first heap   total 100352K, used 35255K [0x0000000701e00000, 0x0000000800000000)
  region size 2048K, 10 young (20480K), 10 survivors (20480K)
 Metaspace       used 27066K, committed 27456K, reserved 1114112K
  class space    used 2981K, committed 3136K, reserved 1048576K
}
Event: 6.182 GC heap before
{Heap before GC invocations=6 (full 0):
 garbage-first heap   total 100352K, used 72119K [0x0000000701e00000, 0x0000000800000000)
  region size 2048K, 28 young (57344K), 10 survivors (20480K)
 Metaspace       used 27622K, committed 27904K, reserved 1114112K
  class space    used 3037K, committed 3136K, reserved 1048576K
}
Event: 6.200 GC heap after
{Heap after GC invocations=7 (full 0):
 garbage-first heap   total 100352K, used 41580K [0x0000000701e00000, 0x0000000800000000)
  region size 2048K, 4 young (8192K), 4 survivors (8192K)
 Metaspace       used 27622K, committed 27904K, reserved 1114112K
  class space    used 3037K, committed 3136K, reserved 1048576K
}
Event: 6.560 GC heap before
{Heap before GC invocations=7 (full 0):
 garbage-first heap   total 100352K, used 80492K [0x0000000701e00000, 0x0000000800000000)
  region size 2048K, 23 young (47104K), 4 survivors (8192K)
 Metaspace       used 28002K, committed 28288K, reserved 1114112K
  class space    used 3044K, committed 3136K, reserved 1048576K
}
Event: 6.575 GC heap after
{Heap after GC invocations=8 (full 0):
 garbage-first heap   total 100352K, used 48867K [0x0000000701e00000, 0x0000000800000000)
  region size 2048K, 3 young (6144K), 3 survivors (6144K)
 Metaspace       used 28002K, committed 28288K, reserved 1114112K
  class space    used 3044K, committed 3136K, reserved 1048576K
}
Event: 7.761 GC heap before
{Heap before GC invocations=8 (full 0):
 garbage-first heap   total 100352K, used 83683K [0x0000000701e00000, 0x0000000800000000)
  region size 2048K, 20 young (40960K), 3 survivors (6144K)
 Metaspace       used 30419K, committed 30784K, reserved 1114112K
  class space    used 3305K, committed 3456K, reserved 1048576K
}
Event: 7.786 GC heap after
{Heap after GC invocations=9 (full 0):
 garbage-first heap   total 100352K, used 54346K [0x0000000701e00000, 0x0000000800000000)
  region size 2048K, 3 young (6144K), 3 survivors (6144K)
 Metaspace       used 30419K, committed 30784K, reserved 1114112K
  class space    used 3305K, committed 3456K, reserved 1048576K
}
Event: 8.732 GC heap before
{Heap before GC invocations=9 (full 0):
 garbage-first heap   total 100352K, used 83018K [0x0000000701e00000, 0x0000000800000000)
  region size 2048K, 17 young (34816K), 3 survivors (6144K)
 Metaspace       used 30962K, committed 31360K, reserved 1114112K
  class space    used 3325K, committed 3520K, reserved 1048576K
}
Event: 8.745 GC heap after
{Heap after GC invocations=10 (full 0):
 garbage-first heap   total 131072K, used 55348K [0x0000000701e00000, 0x0000000800000000)
  region size 2048K, 1 young (2048K), 1 survivors (2048K)
 Metaspace       used 30962K, committed 31360K, reserved 1114112K
  class space    used 3325K, committed 3520K, reserved 1048576K
}
Event: 9.846 GC heap before
{Heap before GC invocations=11 (full 0):
 garbage-first heap   total 131072K, used 108596K [0x0000000701e00000, 0x0000000800000000)
  region size 2048K, 27 young (55296K), 1 survivors (2048K)
 Metaspace       used 31419K, committed 31808K, reserved 1114112K
  class space    used 3336K, committed 3520K, reserved 1048576K
}
Event: 9.855 GC heap after
{Heap after GC invocations=12 (full 0):
 garbage-first heap   total 131072K, used 57622K [0x0000000701e00000, 0x0000000800000000)
  region size 2048K, 2 young (4096K), 2 survivors (4096K)
 Metaspace       used 31419K, committed 31808K, reserved 1114112K
  class space    used 3336K, committed 3520K, reserved 1048576K
}
Event: 10.581 GC heap before
{Heap before GC invocations=12 (full 0):
 garbage-first heap   total 131072K, used 114966K [0x0000000701e00000, 0x0000000800000000)
  region size 2048K, 28 young (57344K), 2 survivors (4096K)
 Metaspace       used 31594K, committed 32000K, reserved 1114112K
  class space    used 3340K, committed 3520K, reserved 1048576K
}
Event: 10.593 GC heap after
{Heap after GC invocations=13 (full 0):
 garbage-first heap   total 131072K, used 61501K [0x0000000701e00000, 0x0000000800000000)
  region size 2048K, 4 young (8192K), 4 survivors (8192K)
 Metaspace       used 31594K, committed 32000K, reserved 1114112K
  class space    used 3340K, committed 3520K, reserved 1048576K
}

